<?xml version="1.0" encoding="UTF-8"?>
<!-- Generated by org.testng.reporters.JUnitReportReporter -->
<testsuite hostname="RICKU" failures="0" tests="2" name="MyTest" time="56.780" errors="0" timestamp="2023-09-05T10:05:09 IST" skipped="0">
  <testcase classname="MyTest" name="createActi" time="22.580">
    <system-out>
      <![CDATA[Create Acti]]>
    </system-out>
  </testcase> <!-- createActi -->
  <testcase classname="MyTest" name="mopdifyActi" time="34.200">
    <system-out>
      <![CDATA[Modify Acti]]>
    </system-out>
  </testcase> <!-- mopdifyActi -->
  <system-out>
    <![CDATA[Open Browser
Login
Create Acti
Logout
Login
Modify Acti
Logout
Close Browser]]>
  </system-out>
</testsuite> <!-- MyTest -->
